Log file open, 07/14/20 22:33:20
LogConsoleResponse: Display: Failed to find resolution value strings in scalability ini. Falling back to default.
LogInit: Display: Running engine for game: plugin_makr
LogPlatformFile: Not using cached read wrapper
LogTaskGraph: Started task graph with 5 named threads and 20 total threads with 3 sets of task threads.
LogStats: Stats thread started at 0.034812
LogICUInternationalization: ICU TimeZone Detection - Raw Offset: +9:00, Platform Override: ''
LogPluginManager: Mounting plugin OnlineSubsystemUtils
LogPluginManager: Mounting plugin OnlineSubsystemNull
LogPluginManager: Mounting plugin OnlineSubsystemGooglePlay
LogPluginManager: Mounting plugin OnlineSubsystemIOS
LogPluginManager: Mounting plugin OnlineSubsystem
LogPluginManager: Mounting plugin AISupport
LogPluginManager: Mounting plugin MacGraphicsSwitching
LogPluginManager: Mounting plugin MaterialAnalyzer
LogPluginManager: Mounting plugin CurveEditorTools
LogPluginManager: Mounting plugin FacialAnimation
LogPluginManager: Mounting plugin AssetManagerEditor
LogPluginManager: Mounting plugin SpeedTreeImporter
LogPluginManager: Mounting plugin GameplayTagsEditor
LogPluginManager: Mounting plugin MobileLauncherProfileWizard
LogPluginManager: Mounting plugin PluginBrowser
LogPluginManager: Mounting plugin CryptoKeys
LogPluginManager: Mounting plugin DataValidation
LogPluginManager: Mounting plugin NUTUnrealEngine4
LogPluginManager: Mounting plugin NetcodeUnitTest
LogPluginManager: Mounting plugin ExampleDeviceProfileSelector
LogPluginManager: Mounting plugin SteamVR
LogPluginManager: Mounting plugin EditableMesh
LogPluginManager: Mounting plugin MobilePatchingUtils
LogPluginManager: Mounting plugin GoogleCloudMessaging
LogPluginManager: Mounting plugin RuntimePhysXCooking
LogPluginManager: Mounting plugin AndroidDeviceProfileSelector
LogPluginManager: Mounting plugin AssetTags
LogPluginManager: Mounting plugin AudioCapture
LogPluginManager: Mounting plugin CableComponent
LogPluginManager: Mounting plugin LinuxDeviceProfileSelector
LogPluginManager: Mounting plugin LocationServicesBPLibrary
LogPluginManager: Mounting plugin AndroidPermission
LogPluginManager: Mounting plugin WebMMoviePlayer
LogPluginManager: Mounting plugin AndroidMoviePlayer
LogPluginManager: Mounting plugin PostSplashScreen
LogPluginManager: Mounting plugin ProceduralMeshComponent
LogPluginManager: Mounting plugin CustomMeshComponent
LogPluginManager: Mounting plugin IOSDeviceProfileSelector
LogPluginManager: Mounting plugin ArchVisCharacter
LogPluginManager: Mounting plugin SignificanceManager
LogPluginManager: Mounting plugin WindowsMoviePlayer
LogPluginManager: Mounting plugin AppleMoviePlayer
LogPluginManager: Mounting plugin AppleImageUtils
LogPluginManager: Mounting plugin OculusVR
LogPluginManager: Mounting plugin PhysXVehicles
LogPluginManager: Mounting plugin MLSDK
LogPluginManager: Mounting plugin MagicLeap
LogPluginManager: Mounting plugin MagicLeapMedia
LogPluginManager: Mounting plugin LightPropagationVolume
LogPluginManager: Mounting plugin MediaCompositing
LogPluginManager: Mounting plugin ImgMedia
LogPluginManager: Mounting plugin MediaPlayerEditor
LogPluginManager: Mounting plugin WmfMedia
LogPluginManager: Mounting plugin AndroidMedia
LogPluginManager: Mounting plugin WebMMedia
LogPluginManager: Mounting plugin AvfMedia
LogPluginManager: Mounting plugin DatasmithContent
LogPluginManager: Mounting plugin VariantManagerContent
LogPluginManager: Mounting plugin XCodeSourceCodeAccess
LogPluginManager: Mounting plugin CLionSourceCodeAccess
LogPluginManager: Mounting plugin AnimationSharing
LogPluginManager: Mounting plugin SubversionSourceControl
LogPluginManager: Mounting plugin CodeLiteSourceCodeAccess
LogPluginManager: Mounting plugin UObjectPlugin
LogPluginManager: Mounting plugin VisualStudioCodeSourceCodeAccess
LogPluginManager: Mounting plugin VisualStudioSourceCodeAccess
LogPluginManager: Mounting plugin PlasticSourceControl
LogPluginManager: Mounting plugin NullSourceCodeAccess
LogPluginManager: Mounting plugin PerforceSourceControl
LogPluginManager: Mounting plugin ActorLayerUtilities
LogPluginManager: Mounting plugin GitSourceControl
LogPluginManager: Mounting plugin KDevelopSourceCodeAccess
LogPluginManager: Mounting plugin AutomationUtils
LogPluginManager: Mounting plugin SkeletalReduction
LogPluginManager: Mounting plugin ProxyLODPlugin
LogPluginManager: Mounting plugin CharacterAI
LogPluginManager: Mounting plugin AlembicImporter
LogPluginManager: Mounting plugin GeometryCache
LogPluginManager: Mounting plugin BackChannel
LogPluginManager: Mounting plugin PlatformCrypto
LogPluginManager: Mounting plugin UdpMessaging
LogPluginManager: Mounting plugin TcpMessaging
LogPluginManager: Mounting plugin ScreenshotTools
LogPluginManager: Mounting plugin LauncherChunkInstaller
LogPluginManager: Mounting plugin LevelSequenceEditor
LogPluginManager: Mounting plugin ActorSequence
LogPluginManager: Mounting plugin MatineeToLevelSequence
LogPluginManager: Mounting plugin Paper2D
Launching UnrealBuildTool... [/home/jinshengye/app/UnrealEngine/Engine/Binaries/DotNET/UnrealBuildTool.exe -Mode=QueryTargets -Project="/home/jinshengye/Desktop/testPlugin/plugin_makr/plugin_makr.uproject" -Output="/home/jinshengye/Desktop/testPlugin/plugin_makr/Intermediate/TargetInfo.json" -progress]
Building UnrealBuildTool...
Building UnrealBuildTool in /home/jinshengye/app/UnrealEngine/...
Running: /bin/bash "/home/jinshengye/app/UnrealEngine/Engine/Build/BatchFiles/Linux/RunXBuild.sh" /property:Configuration=Development /home/jinshengye/app/UnrealEngine/Engine/Source/Programs/UnrealBuildTool/UnrealBuildTool.csproj
Launching UnrealBuildTool... [/home/jinshengye/app/UnrealEngine/Engine/Binaries/DotNET/UnrealBuildTool.exe -Mode=QueryTargets -Project="/home/jinshengye/Desktop/testPlugin/plugin_makr/plugin_makr.uproject" -Output="/home/jinshengye/Desktop/testPlugin/plugin_makr/Intermediate/TargetInfo.json" -progress]
LogDesktopPlatform: Warning: Unable to read target info for ../../../../../Desktop/testPlugin/plugin_makr/plugin_makr.uproject
LogInit: Warning: Incompatible or missing module: plugin_makr
LogInit: Initializing SDL.
LogInit: Initialized SDL 2.0.10 revision: 12952 (hg-12952:bc90ce38f1e2) (compiled against 2.0.10)
LogInit: Using SDL video driver 'x11'
LogInit: Display metrics:
LogInit:   PrimaryDisplayWidth: 1920
LogInit:   PrimaryDisplayHeight: 1080
LogInit:   PrimaryDisplayWorkAreaRect:
LogInit:     Left=67, Top=27, Right=1920, Bottom=1080
LogInit:   VirtualDisplayRect:
LogInit:     Left=67, Top=27, Right=1920, Bottom=1080
LogInit:   TitleSafePaddingSize: X=0.000 Y=0.000 Z=0.000 W=0.000
LogInit:   ActionSafePaddingSize: X=0.000 Y=0.000 Z=0.000 W=0.000
LogInit:   Number of monitors: 1
LogInit:     Monitor 0
LogInit:       Name: 0
LogInit:       ID: display0
LogInit:       NativeWidth: 1920
LogInit:       NativeHeight: 1080
LogInit:       bIsPrimary: true
Running /home/jinshengye/app/UnrealEngine/Engine/Binaries/DotNET/UnrealBuildTool.exe UE4Editor Development Linux -Progress -NoHotReloadFromIDE

Running Mono...

Fixing inconsistent case in filenames.
Setting up Mono
~/app/UnrealEngine/Engine ~/app/UnrealEngine/Engine/Binaries/Linux
Using 'git status' to determine working set for adaptive non-unity build (/home/jinshengye/app/UnrealEngine).
@progress push 5%
@progress pop
Target is up to date
Total execution time: 1.39 seconds
LogInit: Warning: Still incompatible or missing module: plugin_makr
LogCore: Engine exit requested (reason: EngineExit() was called)
LogExit: Preparing to exit.
LogModuleManager: Shutting down and abandoning module DesktopPlatform (44)
LogModuleManager: Shutting down and abandoning module PlatformCryptoOpenSSL (42)
LogModuleManager: Shutting down and abandoning module PlatformCryptoTypes (40)
LogModuleManager: Shutting down and abandoning module PlatformCrypto (38)
LogModuleManager: Shutting down and abandoning module AnimationModifiers (36)
LogModuleManager: Shutting down and abandoning module PropertyEditor (35)
LogModuleManager: Shutting down and abandoning module AudioEditor (32)
LogModuleManager: Shutting down and abandoning module TextureCompressor (30)
LogModuleManager: Shutting down and abandoning module RenderCore (28)
LogModuleManager: Shutting down and abandoning module Landscape (26)
LogModuleManager: Shutting down and abandoning module SlateRHIRenderer (24)
LogModuleManager: Shutting down and abandoning module OpenGLDrv (22)
LogModuleManager: Shutting down and abandoning module AnimGraphRuntime (20)
LogModuleManager: Shutting down and abandoning module Renderer (18)
LogModuleManager: Shutting down and abandoning module Engine (16)
LogModuleManager: Shutting down and abandoning module CoreUObject (14)
LogModuleManager: Shutting down and abandoning module NetworkFile (12)
LogModuleManager: Shutting down and abandoning module CookedIterativeFile (10)
LogModuleManager: Shutting down and abandoning module StreamingFile (8)
LogModuleManager: Shutting down and abandoning module SandboxFile (6)
LogModuleManager: Shutting down and abandoning module PakFile (4)
LogModuleManager: Shutting down and abandoning module RSA (3)
LogExit: Exiting.
LogInit: Tearing down SDL.
Log file closed, 07/14/20 22:33:32
